<?xml version="1.0" encoding="UTF-8"?>
<!-- Generated by org.testng.reporters.JUnitReportReporter -->
<testsuite hostname="LGDN13488-Dell390" name="ScrumBoad.Demo.TM" tests="1" failures="0" timestamp="31 Mar 2015 03:53:53 GMT" time="12.829" errors="0">
  <testcase name="test" time="12.829" classname="ScrumBoad.Demo.TM"/>
</testsuite> <!-- ScrumBoad.Demo.TM -->
