<?xml version="1.0" encoding="UTF-8"?>
<!-- Generated by org.testng.reporters.JUnitReportReporter -->
<testsuite hostname="LGDN13488-Dell390" name="rakuten.AccountVerification" tests="1" failures="0" timestamp="1 Apr 2015 03:32:49 GMT" time="37.972" errors="0">
  <testcase name="TC001_Open_My_Account" time="37.972" classname="rakuten.AccountVerification"/>
</testsuite> <!-- rakuten.AccountVerification -->
