<?xml version="1.0" encoding="UTF-8"?>
<!-- Generated by org.testng.reporters.JUnitReportReporter -->
<testsuite hostname="LGDN13488-Dell390" name="ScrumBoard.FunctionalTests.QTiumDemo" tests="2" failures="0" timestamp="30 Mar 2015 07:33:55 GMT" time="220.073" errors="0">
  <testcase name="TC003_User_cannot_sign_in_with_invalid_credentials" time="200.091" classname="ScrumBoard.FunctionalTests.QTiumDemo"/>
  <testcase name="TC001_Sign_In_Layout" time="19.982" classname="ScrumBoard.FunctionalTests.QTiumDemo"/>
</testsuite> <!-- ScrumBoard.FunctionalTests.QTiumDemo -->
