<?xml version="1.0" encoding="UTF-8"?>
<!-- Generated by org.testng.reporters.JUnitReportReporter -->
<testsuite hostname="lgvn14663" name="rakuten.PointClubVerification" tests="1" failures="0" timestamp="15 Apr 2015 10:24:10 GMT" time="128.039" errors="0">
  <testcase name="TC_Point_Club_Verification" time="128.039" classname="rakuten.PointClubVerification"/>
</testsuite> <!-- rakuten.PointClubVerification -->
